<?xml version="1.0" encoding="UTF-8"?>
<!-- Generated by org.testng.reporters.JUnitXMLReporter -->
<testsuite ignored="2" hostname="WIN10I-1IJ8NK9M" failures="1" tests="6" name="Chrome Brwoser" time="39.435" errors="0" timestamp="2022-09-27T15:28:22 IST">
  <testcase classname="com.selenium.tests.TC_001_SearchEmployees" name="m_login" time="9.583"/>
  <testcase classname="com.selenium.tests.TC_001_SearchEmployees" name="m_checkEmployeeLists" time="3.651"/>
  <testcase classname="com.selenium.tests.TC_001_SearchEmployees" name="m_logout" time="1.616"/>
  <testcase classname="com.selenium.tests.TC_002_SearchUsers" name="m_login" time="11.199"/>
  <testcase classname="com.selenium.tests.TC_002_SearchUsers" name="m_checkUsersLists" time="3.145"/>
  <testcase classname="com.selenium.tests.TC_002_SearchUsers" name="m_logout" time="1.439">
    <failure type="java.lang.AssertionError" message="expected [false] but found [true]">
      <![CDATA[java.lang.AssertionError: expected [false] but found [true]
at com.selenium.tests.TC_002_SearchUsers.m_logout(TC_002_SearchUsers.java:37)
at java.base/java.util.ArrayList.forEach(ArrayList.java:1540)
... Removed 37 stack frames]]>
    </failure>
  </testcase> <!-- m_logout -->
  <testcase classname="com.selenium.tests.BaseClass" name="@BeforeSuite initialiseExtentReport" time="0.0">
    <ignored/>
  </testcase> <!-- @BeforeSuite initialiseExtentReport -->
  <testcase classname="com.selenium.tests.BaseClass" name="@AfterSuite generateExtentReport" time="0.0">
    <ignored/>
  </testcase> <!-- @AfterSuite generateExtentReport -->
</testsuite> <!-- Chrome Brwoser -->
