<?xml version="1.0" encoding="UTF-8"?>
<testng-results ignored="4" total="16" passed="10" failed="2" skipped="0">
  <reporter-output>
  </reporter-output>
  <suite started-at="2022-09-27T15:27:42 IST" name="TestSuite" finished-at="2022-09-27T15:29:53 IST" duration-ms="130107">
    <groups>
    </groups>
    <test started-at="2022-09-27T15:27:42 IST" name="Chrome Brwoser" finished-at="2022-09-27T15:28:22 IST" duration-ms="39435">
      <class name="com.selenium.tests.TC_001_SearchEmployees">
        <test-method is-config="true" signature="setup(org.testng.ITestContext,java.lang.String)[pri:0, instance:com.selenium.tests.TC_001_SearchEmployees@18f20260]" started-at="2022-09-27T15:27:43 IST" name="setup" finished-at="2022-09-27T15:27:48 IST" duration-ms="5487" status="PASS">
          <params>
            <param index="0">
              <value>
                <![CDATA[org.testng.TestRunner@2acb1264]]>
              </value>
            </param>
            <param index="1">
              <value>
                <![CDATA[chrome]]>
              </value>
            </param>
          </params>
          <reporter-output>
          </reporter-output>
        </test-method> <!-- setup -->
        <test-method signature="m_login()[pri:1, instance:com.selenium.tests.TC_001_SearchEmployees@18f20260]" started-at="2022-09-27T15:27:48 IST" name="m_login" finished-at="2022-09-27T15:27:58 IST" duration-ms="9583" status="PASS">
          <reporter-output>
          </reporter-output>
        </test-method> <!-- m_login -->
        <test-method is-config="true" signature="checkStatus(java.lang.reflect.Method,org.testng.ITestResult)[pri:0, instance:com.selenium.tests.TC_001_SearchEmployees@18f20260]" started-at="2022-09-27T15:27:58 IST" name="checkStatus" finished-at="2022-09-27T15:27:58 IST" duration-ms="2" status="PASS">
          <params>
            <param index="0">
              <value>
                <![CDATA[public void com.selenium.tests.TC_001_SearchEmployees.m_login()]]>
              </value>
            </param>
            <param index="1">
              <value>
                <![CDATA[[TestResult name=m_login status=SUCCESS method=TC_001_SearchEmployees.m_login()[pri:1, instance:com.selenium.tests.TC_001_SearchEmployees@18f20260] output={null}]]]>
              </value>
            </param>
          </params>
          <reporter-output>
          </reporter-output>
        </test-method> <!-- checkStatus -->
        <test-method signature="m_checkEmployeeLists()[pri:2, instance:com.selenium.tests.TC_001_SearchEmployees@18f20260]" started-at="2022-09-27T15:27:58 IST" name="m_checkEmployeeLists" finished-at="2022-09-27T15:28:01 IST" depends-on-methods="com.selenium.tests.TC_001_SearchEmployees.m_login" duration-ms="3651" status="PASS">
          <reporter-output>
          </reporter-output>
        </test-method> <!-- m_checkEmployeeLists -->
        <test-method is-config="true" signature="checkStatus(java.lang.reflect.Method,org.testng.ITestResult)[pri:0, instance:com.selenium.tests.TC_001_SearchEmployees@18f20260]" started-at="2022-09-27T15:28:01 IST" name="checkStatus" finished-at="2022-09-27T15:28:01 IST" duration-ms="1" status="PASS">
          <params>
            <param index="0">
              <value>
                <![CDATA[public void com.selenium.tests.TC_001_SearchEmployees.m_checkEmployeeLists()]]>
              </value>
            </param>
            <param index="1">
              <value>
                <![CDATA[[TestResult name=m_checkEmployeeLists status=SUCCESS method=TC_001_SearchEmployees.m_checkEmployeeLists()[pri:2, instance:com.selenium.tests.TC_001_SearchEmployees@18f20260] output={null}]]]>
              </value>
            </param>
          </params>
          <reporter-output>
          </reporter-output>
        </test-method> <!-- checkStatus -->
        <test-method signature="m_logout()[pri:3, instance:com.selenium.tests.TC_001_SearchEmployees@18f20260]" started-at="2022-09-27T15:28:01 IST" name="m_logout" finished-at="2022-09-27T15:28:03 IST" depends-on-methods="com.selenium.tests.TC_001_SearchEmployees.m_checkEmployeeLists" duration-ms="1616" status="PASS">
          <reporter-output>
          </reporter-output>
        </test-method> <!-- m_logout -->
        <test-method is-config="true" signature="checkStatus(java.lang.reflect.Method,org.testng.ITestResult)[pri:0, instance:com.selenium.tests.TC_001_SearchEmployees@18f20260]" started-at="2022-09-27T15:28:03 IST" name="checkStatus" finished-at="2022-09-27T15:28:03 IST" duration-ms="1" status="PASS">
          <params>
            <param index="0">
              <value>
                <![CDATA[public void com.selenium.tests.TC_001_SearchEmployees.m_logout()]]>
              </value>
            </param>
            <param index="1">
              <value>
                <![CDATA[[TestResult name=m_logout status=SUCCESS method=TC_001_SearchEmployees.m_logout()[pri:3, instance:com.selenium.tests.TC_001_SearchEmployees@18f20260] output={null}]]]>
              </value>
            </param>
          </params>
          <reporter-output>
          </reporter-output>
        </test-method> <!-- checkStatus -->
        <test-method is-config="true" signature="tearDown()[pri:0, instance:com.selenium.tests.TC_001_SearchEmployees@18f20260]" started-at="2022-09-27T15:28:03 IST" name="tearDown" finished-at="2022-09-27T15:28:03 IST" duration-ms="227" status="PASS">
          <reporter-output>
          </reporter-output>
        </test-method> <!-- tearDown -->
      </class> <!-- com.selenium.tests.TC_001_SearchEmployees -->
      <class name="com.selenium.tests.TC_002_SearchUsers">
        <test-method is-config="true" signature="setup(org.testng.ITestContext,java.lang.String)[pri:0, instance:com.selenium.tests.TC_002_SearchUsers@34a75079]" started-at="2022-09-27T15:28:03 IST" name="setup" finished-at="2022-09-27T15:28:06 IST" duration-ms="2484" status="PASS">
          <params>
            <param index="0">
              <value>
                <![CDATA[org.testng.TestRunner@2acb1264]]>
              </value>
            </param>
            <param index="1">
              <value>
                <![CDATA[chrome]]>
              </value>
            </param>
          </params>
          <reporter-output>
          </reporter-output>
        </test-method> <!-- setup -->
        <test-method signature="m_login()[pri:1, instance:com.selenium.tests.TC_002_SearchUsers@34a75079]" started-at="2022-09-27T15:28:06 IST" name="m_login" finished-at="2022-09-27T15:28:17 IST" duration-ms="11199" status="PASS">
          <reporter-output>
          </reporter-output>
        </test-method> <!-- m_login -->
        <test-method is-config="true" signature="checkStatus(java.lang.reflect.Method,org.testng.ITestResult)[pri:0, instance:com.selenium.tests.TC_002_SearchUsers@34a75079]" started-at="2022-09-27T15:28:17 IST" name="checkStatus" finished-at="2022-09-27T15:28:17 IST" duration-ms="0" status="PASS">
          <params>
            <param index="0">
              <value>
                <![CDATA[public void com.selenium.tests.TC_002_SearchUsers.m_login()]]>
              </value>
            </param>
            <param index="1">
              <value>
                <![CDATA[[TestResult name=m_login status=SUCCESS method=TC_002_SearchUsers.m_login()[pri:1, instance:com.selenium.tests.TC_002_SearchUsers@34a75079] output={null}]]]>
              </value>
            </param>
          </params>
          <reporter-output>
          </reporter-output>
        </test-method> <!-- checkStatus -->
        <test-method signature="m_checkUsersLists()[pri:2, instance:com.selenium.tests.TC_002_SearchUsers@34a75079]" started-at="2022-09-27T15:28:17 IST" name="m_checkUsersLists" finished-at="2022-09-27T15:28:20 IST" depends-on-methods="com.selenium.tests.TC_002_SearchUsers.m_login" duration-ms="3145" status="PASS">
          <reporter-output>
          </reporter-output>
        </test-method> <!-- m_checkUsersLists -->
        <test-method is-config="true" signature="checkStatus(java.lang.reflect.Method,org.testng.ITestResult)[pri:0, instance:com.selenium.tests.TC_002_SearchUsers@34a75079]" started-at="2022-09-27T15:28:20 IST" name="checkStatus" finished-at="2022-09-27T15:28:20 IST" duration-ms="1" status="PASS">
          <params>
            <param index="0">
              <value>
                <![CDATA[public void com.selenium.tests.TC_002_SearchUsers.m_checkUsersLists()]]>
              </value>
            </param>
            <param index="1">
              <value>
                <![CDATA[[TestResult name=m_checkUsersLists status=SUCCESS method=TC_002_SearchUsers.m_checkUsersLists()[pri:2, instance:com.selenium.tests.TC_002_SearchUsers@34a75079] output={null}]]]>
              </value>
            </param>
          </params>
          <reporter-output>
          </reporter-output>
        </test-method> <!-- checkStatus -->
        <test-method signature="m_logout()[pri:3, instance:com.selenium.tests.TC_002_SearchUsers@34a75079]" started-at="2022-09-27T15:28:20 IST" name="m_logout" finished-at="2022-09-27T15:28:21 IST" depends-on-methods="com.selenium.tests.TC_002_SearchUsers.m_checkUsersLists" duration-ms="1439" status="FAIL">
          <exception class="java.lang.AssertionError">
            <message>
              <![CDATA[expected [false] but found [true]]]>
            </message>
            <full-stacktrace>
              <![CDATA[java.lang.AssertionError: expected [false] but found [true]
at org.testng.Assert.fail(Assert.java:110)
at org.testng.Assert.failNotEquals(Assert.java:1413)
at org.testng.Assert.assertEqualsImpl(Assert.java:149)
at org.testng.Assert.assertEquals(Assert.java:131)
at org.testng.Assert.assertEquals(Assert.java:976)
at org.testng.Assert.assertEquals(Assert.java:1010)
at com.selenium.tests.TC_002_SearchUsers.m_logout(TC_002_SearchUsers.java:37)
at java.base/jdk.internal.reflect.NativeMethodAccessorImpl.invoke0(Native Method)
at java.base/jdk.internal.reflect.NativeMethodAccessorImpl.invoke(NativeMethodAccessorImpl.java:62)
at java.base/jdk.internal.reflect.DelegatingMethodAccessorImpl.invoke(DelegatingMethodAccessorImpl.java:43)
at java.base/java.lang.reflect.Method.invoke(Method.java:566)
at org.testng.internal.invokers.MethodInvocationHelper.invokeMethod(MethodInvocationHelper.java:139)
at org.testng.internal.invokers.TestInvoker.invokeMethod(TestInvoker.java:677)
at org.testng.internal.invokers.TestInvoker.invokeTestMethod(TestInvoker.java:221)
at org.testng.internal.invokers.MethodRunner.runInSequence(MethodRunner.java:50)
at org.testng.internal.invokers.TestInvoker$MethodInvocationAgent.invoke(TestInvoker.java:962)
at org.testng.internal.invokers.TestInvoker.invokeTestMethods(TestInvoker.java:194)
at org.testng.internal.invokers.TestMethodWorker.invokeTestMethods(TestMethodWorker.java:148)
at org.testng.internal.invokers.TestMethodWorker.run(TestMethodWorker.java:128)
at java.base/java.util.ArrayList.forEach(ArrayList.java:1540)
at org.testng.TestRunner.privateRun(TestRunner.java:806)
at org.testng.TestRunner.run(TestRunner.java:601)
at org.testng.SuiteRunner.runTest(SuiteRunner.java:433)
at org.testng.SuiteRunner.runSequentially(SuiteRunner.java:427)
at org.testng.SuiteRunner.privateRun(SuiteRunner.java:387)
at org.testng.SuiteRunner.run(SuiteRunner.java:330)
at org.testng.SuiteRunnerWorker.runSuite(SuiteRunnerWorker.java:52)
at org.testng.SuiteRunnerWorker.run(SuiteRunnerWorker.java:95)
at org.testng.TestNG.runSuitesSequentially(TestNG.java:1256)
at org.testng.TestNG.runSuitesLocally(TestNG.java:1176)
at org.testng.TestNG.runSuites(TestNG.java:1099)
at org.testng.TestNG.run(TestNG.java:1067)
at org.apache.maven.surefire.testng.TestNGExecutor.run(TestNGExecutor.java:324)
at org.apache.maven.surefire.testng.TestNGXmlTestSuite.execute(TestNGXmlTestSuite.java:74)
at org.apache.maven.surefire.testng.TestNGProvider.invoke(TestNGProvider.java:123)
at org.apache.maven.surefire.booter.ForkedBooter.runSuitesInProcess(ForkedBooter.java:456)
at org.apache.maven.surefire.booter.ForkedBooter.execute(ForkedBooter.java:169)
at org.apache.maven.surefire.booter.ForkedBooter.run(ForkedBooter.java:595)
at org.apache.maven.surefire.booter.ForkedBooter.main(ForkedBooter.java:581)
]]>
            </full-stacktrace>
          </exception> <!-- java.lang.AssertionError -->
          <reporter-output>
          </reporter-output>
        </test-method> <!-- m_logout -->
        <test-method is-config="true" signature="checkStatus(java.lang.reflect.Method,org.testng.ITestResult)[pri:0, instance:com.selenium.tests.TC_002_SearchUsers@34a75079]" started-at="2022-09-27T15:28:21 IST" name="checkStatus" finished-at="2022-09-27T15:28:22 IST" duration-ms="342" status="PASS">
          <params>
            <param index="0">
              <value>
                <![CDATA[public void com.selenium.tests.TC_002_SearchUsers.m_logout()]]>
              </value>
            </param>
            <param index="1">
              <value>
                <![CDATA[[TestResult name=m_logout status=FAILURE method=TC_002_SearchUsers.m_logout()[pri:3, instance:com.selenium.tests.TC_002_SearchUsers@34a75079] output={null}]]]>
              </value>
            </param>
          </params>
          <reporter-output>
          </reporter-output>
        </test-method> <!-- checkStatus -->
        <test-method is-config="true" signature="tearDown()[pri:0, instance:com.selenium.tests.TC_002_SearchUsers@34a75079]" started-at="2022-09-27T15:28:22 IST" name="tearDown" finished-at="2022-09-27T15:28:22 IST" duration-ms="176" status="PASS">
          <reporter-output>
          </reporter-output>
        </test-method> <!-- tearDown -->
      </class> <!-- com.selenium.tests.TC_002_SearchUsers -->
    </test> <!-- Chrome Brwoser -->
    <test started-at="2022-09-27T15:28:22 IST" name="Edge Brwoser" finished-at="2022-09-27T15:29:53 IST" duration-ms="90578">
      <class name="com.selenium.tests.TC_001_SearchEmployees">
        <test-method is-config="true" signature="initialiseExtentReport()[pri:0, instance:com.selenium.tests.TC_001_SearchEmployees@2a1edad4]" started-at="2022-09-27T15:27:42 IST" name="initialiseExtentReport" finished-at="2022-09-27T15:27:42 IST" duration-ms="488" status="PASS">
          <reporter-output>
          </reporter-output>
        </test-method> <!-- initialiseExtentReport -->
        <test-method is-config="true" signature="setup(org.testng.ITestContext,java.lang.String)[pri:0, instance:com.selenium.tests.TC_001_SearchEmployees@2a1edad4]" started-at="2022-09-27T15:28:22 IST" name="setup" finished-at="2022-09-27T15:28:31 IST" duration-ms="9484" status="PASS">
          <params>
            <param index="0">
              <value>
                <![CDATA[org.testng.TestRunner@30a01dd8]]>
              </value>
            </param>
            <param index="1">
              <value>
                <![CDATA[edge]]>
              </value>
            </param>
          </params>
          <reporter-output>
          </reporter-output>
        </test-method> <!-- setup -->
        <test-method signature="m_login()[pri:1, instance:com.selenium.tests.TC_001_SearchEmployees@2a1edad4]" started-at="2022-09-27T15:28:31 IST" name="m_login" finished-at="2022-09-27T15:28:42 IST" duration-ms="10075" status="PASS">
          <reporter-output>
          </reporter-output>
        </test-method> <!-- m_login -->
        <test-method is-config="true" signature="checkStatus(java.lang.reflect.Method,org.testng.ITestResult)[pri:0, instance:com.selenium.tests.TC_001_SearchEmployees@2a1edad4]" started-at="2022-09-27T15:28:42 IST" name="checkStatus" finished-at="2022-09-27T15:28:42 IST" duration-ms="1" status="PASS">
          <params>
            <param index="0">
              <value>
                <![CDATA[public void com.selenium.tests.TC_001_SearchEmployees.m_login()]]>
              </value>
            </param>
            <param index="1">
              <value>
                <![CDATA[[TestResult name=m_login status=SUCCESS method=TC_001_SearchEmployees.m_login()[pri:1, instance:com.selenium.tests.TC_001_SearchEmployees@2a1edad4] output={null}]]]>
              </value>
            </param>
          </params>
          <reporter-output>
          </reporter-output>
        </test-method> <!-- checkStatus -->
        <test-method signature="m_checkEmployeeLists()[pri:2, instance:com.selenium.tests.TC_001_SearchEmployees@2a1edad4]" started-at="2022-09-27T15:28:42 IST" name="m_checkEmployeeLists" finished-at="2022-09-27T15:28:45 IST" depends-on-methods="com.selenium.tests.TC_001_SearchEmployees.m_login" duration-ms="3755" status="PASS">
          <reporter-output>
          </reporter-output>
        </test-method> <!-- m_checkEmployeeLists -->
        <test-method is-config="true" signature="checkStatus(java.lang.reflect.Method,org.testng.ITestResult)[pri:0, instance:com.selenium.tests.TC_001_SearchEmployees@2a1edad4]" started-at="2022-09-27T15:28:45 IST" name="checkStatus" finished-at="2022-09-27T15:28:45 IST" duration-ms="1" status="PASS">
          <params>
            <param index="0">
              <value>
                <![CDATA[public void com.selenium.tests.TC_001_SearchEmployees.m_checkEmployeeLists()]]>
              </value>
            </param>
            <param index="1">
              <value>
                <![CDATA[[TestResult name=m_checkEmployeeLists status=SUCCESS method=TC_001_SearchEmployees.m_checkEmployeeLists()[pri:2, instance:com.selenium.tests.TC_001_SearchEmployees@2a1edad4] output={null}]]]>
              </value>
            </param>
          </params>
          <reporter-output>
          </reporter-output>
        </test-method> <!-- checkStatus -->
        <test-method signature="m_logout()[pri:3, instance:com.selenium.tests.TC_001_SearchEmployees@2a1edad4]" started-at="2022-09-27T15:28:45 IST" name="m_logout" finished-at="2022-09-27T15:28:46 IST" depends-on-methods="com.selenium.tests.TC_001_SearchEmployees.m_checkEmployeeLists" duration-ms="1135" status="PASS">
          <reporter-output>
          </reporter-output>
        </test-method> <!-- m_logout -->
        <test-method is-config="true" signature="checkStatus(java.lang.reflect.Method,org.testng.ITestResult)[pri:0, instance:com.selenium.tests.TC_001_SearchEmployees@2a1edad4]" started-at="2022-09-27T15:28:46 IST" name="checkStatus" finished-at="2022-09-27T15:28:46 IST" duration-ms="0" status="PASS">
          <params>
            <param index="0">
              <value>
                <![CDATA[public void com.selenium.tests.TC_001_SearchEmployees.m_logout()]]>
              </value>
            </param>
            <param index="1">
              <value>
                <![CDATA[[TestResult name=m_logout status=SUCCESS method=TC_001_SearchEmployees.m_logout()[pri:3, instance:com.selenium.tests.TC_001_SearchEmployees@2a1edad4] output={null}]]]>
              </value>
            </param>
          </params>
          <reporter-output>
          </reporter-output>
        </test-method> <!-- checkStatus -->
        <test-method is-config="true" signature="tearDown()[pri:0, instance:com.selenium.tests.TC_001_SearchEmployees@2a1edad4]" started-at="2022-09-27T15:28:46 IST" name="tearDown" finished-at="2022-09-27T15:28:47 IST" duration-ms="215" status="PASS">
          <reporter-output>
          </reporter-output>
        </test-method> <!-- tearDown -->
        <test-method is-config="true" signature="generateExtentReport()[pri:0, instance:com.selenium.tests.TC_001_SearchEmployees@2a1edad4]" started-at="2022-09-27T15:29:53 IST" name="generateExtentReport" finished-at="2022-09-27T15:29:54 IST" duration-ms="965" status="PASS">
          <reporter-output>
          </reporter-output>
        </test-method> <!-- generateExtentReport -->
      </class> <!-- com.selenium.tests.TC_001_SearchEmployees -->
      <class name="com.selenium.tests.TC_002_SearchUsers">
        <test-method is-config="true" signature="setup(org.testng.ITestContext,java.lang.String)[pri:0, instance:com.selenium.tests.TC_002_SearchUsers@6256ac4f]" started-at="2022-09-27T15:28:47 IST" name="setup" finished-at="2022-09-27T15:28:51 IST" duration-ms="4429" status="PASS">
          <params>
            <param index="0">
              <value>
                <![CDATA[org.testng.TestRunner@30a01dd8]]>
              </value>
            </param>
            <param index="1">
              <value>
                <![CDATA[edge]]>
              </value>
            </param>
          </params>
          <reporter-output>
          </reporter-output>
        </test-method> <!-- setup -->
        <test-method signature="m_login()[pri:1, instance:com.selenium.tests.TC_002_SearchUsers@6256ac4f]" started-at="2022-09-27T15:28:51 IST" name="m_login" finished-at="2022-09-27T15:29:40 IST" duration-ms="49060" status="PASS">
          <reporter-output>
          </reporter-output>
        </test-method> <!-- m_login -->
        <test-method is-config="true" signature="checkStatus(java.lang.reflect.Method,org.testng.ITestResult)[pri:0, instance:com.selenium.tests.TC_002_SearchUsers@6256ac4f]" started-at="2022-09-27T15:29:40 IST" name="checkStatus" finished-at="2022-09-27T15:29:40 IST" duration-ms="1" status="PASS">
          <params>
            <param index="0">
              <value>
                <![CDATA[public void com.selenium.tests.TC_002_SearchUsers.m_login()]]>
              </value>
            </param>
            <param index="1">
              <value>
                <![CDATA[[TestResult name=m_login status=SUCCESS method=TC_002_SearchUsers.m_login()[pri:1, instance:com.selenium.tests.TC_002_SearchUsers@6256ac4f] output={null}]]]>
              </value>
            </param>
          </params>
          <reporter-output>
          </reporter-output>
        </test-method> <!-- checkStatus -->
        <test-method signature="m_checkUsersLists()[pri:2, instance:com.selenium.tests.TC_002_SearchUsers@6256ac4f]" started-at="2022-09-27T15:29:40 IST" name="m_checkUsersLists" finished-at="2022-09-27T15:29:51 IST" depends-on-methods="com.selenium.tests.TC_002_SearchUsers.m_login" duration-ms="10366" status="PASS">
          <reporter-output>
          </reporter-output>
        </test-method> <!-- m_checkUsersLists -->
        <test-method is-config="true" signature="checkStatus(java.lang.reflect.Method,org.testng.ITestResult)[pri:0, instance:com.selenium.tests.TC_002_SearchUsers@6256ac4f]" started-at="2022-09-27T15:29:51 IST" name="checkStatus" finished-at="2022-09-27T15:29:51 IST" duration-ms="1" status="PASS">
          <params>
            <param index="0">
              <value>
                <![CDATA[public void com.selenium.tests.TC_002_SearchUsers.m_checkUsersLists()]]>
              </value>
            </param>
            <param index="1">
              <value>
                <![CDATA[[TestResult name=m_checkUsersLists status=SUCCESS method=TC_002_SearchUsers.m_checkUsersLists()[pri:2, instance:com.selenium.tests.TC_002_SearchUsers@6256ac4f] output={null}]]]>
              </value>
            </param>
          </params>
          <reporter-output>
          </reporter-output>
        </test-method> <!-- checkStatus -->
        <test-method signature="m_logout()[pri:3, instance:com.selenium.tests.TC_002_SearchUsers@6256ac4f]" started-at="2022-09-27T15:29:51 IST" name="m_logout" finished-at="2022-09-27T15:29:52 IST" depends-on-methods="com.selenium.tests.TC_002_SearchUsers.m_checkUsersLists" duration-ms="1597" status="FAIL">
          <exception class="java.lang.AssertionError">
            <message>
              <![CDATA[expected [false] but found [true]]]>
            </message>
            <full-stacktrace>
              <![CDATA[java.lang.AssertionError: expected [false] but found [true]
at org.testng.Assert.fail(Assert.java:110)
at org.testng.Assert.failNotEquals(Assert.java:1413)
at org.testng.Assert.assertEqualsImpl(Assert.java:149)
at org.testng.Assert.assertEquals(Assert.java:131)
at org.testng.Assert.assertEquals(Assert.java:976)
at org.testng.Assert.assertEquals(Assert.java:1010)
at com.selenium.tests.TC_002_SearchUsers.m_logout(TC_002_SearchUsers.java:37)
at java.base/jdk.internal.reflect.NativeMethodAccessorImpl.invoke0(Native Method)
at java.base/jdk.internal.reflect.NativeMethodAccessorImpl.invoke(NativeMethodAccessorImpl.java:62)
at java.base/jdk.internal.reflect.DelegatingMethodAccessorImpl.invoke(DelegatingMethodAccessorImpl.java:43)
at java.base/java.lang.reflect.Method.invoke(Method.java:566)
at org.testng.internal.invokers.MethodInvocationHelper.invokeMethod(MethodInvocationHelper.java:139)
at org.testng.internal.invokers.TestInvoker.invokeMethod(TestInvoker.java:677)
at org.testng.internal.invokers.TestInvoker.invokeTestMethod(TestInvoker.java:221)
at org.testng.internal.invokers.MethodRunner.runInSequence(MethodRunner.java:50)
at org.testng.internal.invokers.TestInvoker$MethodInvocationAgent.invoke(TestInvoker.java:962)
at org.testng.internal.invokers.TestInvoker.invokeTestMethods(TestInvoker.java:194)
at org.testng.internal.invokers.TestMethodWorker.invokeTestMethods(TestMethodWorker.java:148)
at org.testng.internal.invokers.TestMethodWorker.run(TestMethodWorker.java:128)
at java.base/java.util.ArrayList.forEach(ArrayList.java:1540)
at org.testng.TestRunner.privateRun(TestRunner.java:806)
at org.testng.TestRunner.run(TestRunner.java:601)
at org.testng.SuiteRunner.runTest(SuiteRunner.java:433)
at org.testng.SuiteRunner.runSequentially(SuiteRunner.java:427)
at org.testng.SuiteRunner.privateRun(SuiteRunner.java:387)
at org.testng.SuiteRunner.run(SuiteRunner.java:330)
at org.testng.SuiteRunnerWorker.runSuite(SuiteRunnerWorker.java:52)
at org.testng.SuiteRunnerWorker.run(SuiteRunnerWorker.java:95)
at org.testng.TestNG.runSuitesSequentially(TestNG.java:1256)
at org.testng.TestNG.runSuitesLocally(TestNG.java:1176)
at org.testng.TestNG.runSuites(TestNG.java:1099)
at org.testng.TestNG.run(TestNG.java:1067)
at org.apache.maven.surefire.testng.TestNGExecutor.run(TestNGExecutor.java:324)
at org.apache.maven.surefire.testng.TestNGXmlTestSuite.execute(TestNGXmlTestSuite.java:74)
at org.apache.maven.surefire.testng.TestNGProvider.invoke(TestNGProvider.java:123)
at org.apache.maven.surefire.booter.ForkedBooter.runSuitesInProcess(ForkedBooter.java:456)
at org.apache.maven.surefire.booter.ForkedBooter.execute(ForkedBooter.java:169)
at org.apache.maven.surefire.booter.ForkedBooter.run(ForkedBooter.java:595)
at org.apache.maven.surefire.booter.ForkedBooter.main(ForkedBooter.java:581)
]]>
            </full-stacktrace>
          </exception> <!-- java.lang.AssertionError -->
          <reporter-output>
          </reporter-output>
        </test-method> <!-- m_logout -->
        <test-method is-config="true" signature="checkStatus(java.lang.reflect.Method,org.testng.ITestResult)[pri:0, instance:com.selenium.tests.TC_002_SearchUsers@6256ac4f]" started-at="2022-09-27T15:29:52 IST" name="checkStatus" finished-at="2022-09-27T15:29:52 IST" duration-ms="298" status="PASS">
          <params>
            <param index="0">
              <value>
                <![CDATA[public void com.selenium.tests.TC_002_SearchUsers.m_logout()]]>
              </value>
            </param>
            <param index="1">
              <value>
                <![CDATA[[TestResult name=m_logout status=FAILURE method=TC_002_SearchUsers.m_logout()[pri:3, instance:com.selenium.tests.TC_002_SearchUsers@6256ac4f] output={null}]]]>
              </value>
            </param>
          </params>
          <reporter-output>
          </reporter-output>
        </test-method> <!-- checkStatus -->
        <test-method is-config="true" signature="tearDown()[pri:0, instance:com.selenium.tests.TC_002_SearchUsers@6256ac4f]" started-at="2022-09-27T15:29:52 IST" name="tearDown" finished-at="2022-09-27T15:29:53 IST" duration-ms="147" status="PASS">
          <reporter-output>
          </reporter-output>
        </test-method> <!-- tearDown -->
      </class> <!-- com.selenium.tests.TC_002_SearchUsers -->
    </test> <!-- Edge Brwoser -->
  </suite> <!-- TestSuite -->
</testng-results>
