<?xml version="1.0" encoding="UTF-8"?>
<testng-results ignored="0" total="6" passed="5" failed="1" skipped="0">
  <reporter-output>
  </reporter-output>
  <suite started-at="2022-09-27T15:34:53 IST" name="TestSuite" finished-at="2022-09-27T15:35:37 IST" duration-ms="44089">
    <groups>
    </groups>
    <test started-at="2022-09-27T15:34:53 IST" name="Chrome Brwoser" finished-at="2022-09-27T15:35:19 IST" duration-ms="26287">
      <class name="com.selenium.tests.TC_001_SearchEmployees">
        <test-method is-config="true" signature="setup(org.testng.ITestContext,java.lang.String)[pri:0, instance:com.selenium.tests.TC_001_SearchEmployees@5ac86ba5]" started-at="2022-09-27T15:34:53 IST" name="setup" finished-at="2022-09-27T15:35:01 IST" duration-ms="8605" status="PASS">
          <params>
            <param index="0">
              <value>
                <![CDATA[org.testng.TestRunner@18e4551]]>
              </value>
            </param>
            <param index="1">
              <value>
                <![CDATA[chrome]]>
              </value>
            </param>
          </params>
          <reporter-output>
          </reporter-output>
        </test-method> <!-- setup -->
        <test-method signature="m_login()[pri:1, instance:com.selenium.tests.TC_001_SearchEmployees@5ac86ba5]" started-at="2022-09-27T15:35:02 IST" name="m_login" finished-at="2022-09-27T15:35:11 IST" duration-ms="9310" status="PASS">
          <reporter-output>
          </reporter-output>
        </test-method> <!-- m_login -->
        <test-method is-config="true" signature="checkStatus(java.lang.reflect.Method,org.testng.ITestResult)[pri:0, instance:com.selenium.tests.TC_001_SearchEmployees@5ac86ba5]" started-at="2022-09-27T15:35:11 IST" name="checkStatus" finished-at="2022-09-27T15:35:11 IST" duration-ms="1" status="PASS">
          <params>
            <param index="0">
              <value>
                <![CDATA[public void com.selenium.tests.TC_001_SearchEmployees.m_login()]]>
              </value>
            </param>
            <param index="1">
              <value>
                <![CDATA[[TestResult name=m_login status=SUCCESS method=TC_001_SearchEmployees.m_login()[pri:1, instance:com.selenium.tests.TC_001_SearchEmployees@5ac86ba5] output={null}]]]>
              </value>
            </param>
          </params>
          <reporter-output>
          </reporter-output>
        </test-method> <!-- checkStatus -->
        <test-method signature="m_checkEmployeeLists()[pri:2, instance:com.selenium.tests.TC_001_SearchEmployees@5ac86ba5]" started-at="2022-09-27T15:35:11 IST" name="m_checkEmployeeLists" finished-at="2022-09-27T15:35:18 IST" depends-on-methods="com.selenium.tests.TC_001_SearchEmployees.m_login" duration-ms="6894" status="PASS">
          <reporter-output>
          </reporter-output>
        </test-method> <!-- m_checkEmployeeLists -->
        <test-method is-config="true" signature="checkStatus(java.lang.reflect.Method,org.testng.ITestResult)[pri:0, instance:com.selenium.tests.TC_001_SearchEmployees@5ac86ba5]" started-at="2022-09-27T15:35:18 IST" name="checkStatus" finished-at="2022-09-27T15:35:18 IST" duration-ms="1" status="PASS">
          <params>
            <param index="0">
              <value>
                <![CDATA[public void com.selenium.tests.TC_001_SearchEmployees.m_checkEmployeeLists()]]>
              </value>
            </param>
            <param index="1">
              <value>
                <![CDATA[[TestResult name=m_checkEmployeeLists status=SUCCESS method=TC_001_SearchEmployees.m_checkEmployeeLists()[pri:2, instance:com.selenium.tests.TC_001_SearchEmployees@5ac86ba5] output={null}]]]>
              </value>
            </param>
          </params>
          <reporter-output>
          </reporter-output>
        </test-method> <!-- checkStatus -->
        <test-method signature="m_logout()[pri:3, instance:com.selenium.tests.TC_001_SearchEmployees@5ac86ba5]" started-at="2022-09-27T15:35:18 IST" name="m_logout" finished-at="2022-09-27T15:35:19 IST" depends-on-methods="com.selenium.tests.TC_001_SearchEmployees.m_checkEmployeeLists" duration-ms="1199" status="PASS">
          <reporter-output>
          </reporter-output>
        </test-method> <!-- m_logout -->
        <test-method is-config="true" signature="checkStatus(java.lang.reflect.Method,org.testng.ITestResult)[pri:0, instance:com.selenium.tests.TC_001_SearchEmployees@5ac86ba5]" started-at="2022-09-27T15:35:19 IST" name="checkStatus" finished-at="2022-09-27T15:35:19 IST" duration-ms="0" status="PASS">
          <params>
            <param index="0">
              <value>
                <![CDATA[public void com.selenium.tests.TC_001_SearchEmployees.m_logout()]]>
              </value>
            </param>
            <param index="1">
              <value>
                <![CDATA[[TestResult name=m_logout status=SUCCESS method=TC_001_SearchEmployees.m_logout()[pri:3, instance:com.selenium.tests.TC_001_SearchEmployees@5ac86ba5] output={null}]]]>
              </value>
            </param>
          </params>
          <reporter-output>
          </reporter-output>
        </test-method> <!-- checkStatus -->
        <test-method is-config="true" signature="tearDown()[pri:0, instance:com.selenium.tests.TC_001_SearchEmployees@5ac86ba5]" started-at="2022-09-27T15:35:19 IST" name="tearDown" finished-at="2022-09-27T15:35:19 IST" duration-ms="143" status="PASS">
          <reporter-output>
          </reporter-output>
        </test-method> <!-- tearDown -->
      </class> <!-- com.selenium.tests.TC_001_SearchEmployees -->
    </test> <!-- Chrome Brwoser -->
    <test started-at="2022-09-27T15:35:19 IST" name="Edge Brwoser" finished-at="2022-09-27T15:35:37 IST" duration-ms="17706">
      <class name="com.selenium.tests.TC_002_SearchUsers">
        <test-method is-config="true" signature="initialiseExtentReport()[pri:0, instance:com.selenium.tests.TC_002_SearchUsers@5c48c0c0]" started-at="2022-09-27T15:34:52 IST" name="initialiseExtentReport" finished-at="2022-09-27T15:34:53 IST" duration-ms="658" status="PASS">
          <reporter-output>
          </reporter-output>
        </test-method> <!-- initialiseExtentReport -->
        <test-method is-config="true" signature="setup(org.testng.ITestContext,java.lang.String)[pri:0, instance:com.selenium.tests.TC_002_SearchUsers@5c48c0c0]" started-at="2022-09-27T15:35:19 IST" name="setup" finished-at="2022-09-27T15:35:24 IST" duration-ms="4993" status="PASS">
          <params>
            <param index="0">
              <value>
                <![CDATA[org.testng.TestRunner@3ea48c37]]>
              </value>
            </param>
            <param index="1">
              <value>
                <![CDATA[edge]]>
              </value>
            </param>
          </params>
          <reporter-output>
          </reporter-output>
        </test-method> <!-- setup -->
        <test-method signature="m_login()[pri:1, instance:com.selenium.tests.TC_002_SearchUsers@5c48c0c0]" started-at="2022-09-27T15:35:24 IST" name="m_login" finished-at="2022-09-27T15:35:33 IST" duration-ms="8365" status="PASS">
          <reporter-output>
          </reporter-output>
        </test-method> <!-- m_login -->
        <test-method is-config="true" signature="checkStatus(java.lang.reflect.Method,org.testng.ITestResult)[pri:0, instance:com.selenium.tests.TC_002_SearchUsers@5c48c0c0]" started-at="2022-09-27T15:35:33 IST" name="checkStatus" finished-at="2022-09-27T15:35:33 IST" duration-ms="1" status="PASS">
          <params>
            <param index="0">
              <value>
                <![CDATA[public void com.selenium.tests.TC_002_SearchUsers.m_login()]]>
              </value>
            </param>
            <param index="1">
              <value>
                <![CDATA[[TestResult name=m_login status=SUCCESS method=TC_002_SearchUsers.m_login()[pri:1, instance:com.selenium.tests.TC_002_SearchUsers@5c48c0c0] output={null}]]]>
              </value>
            </param>
          </params>
          <reporter-output>
          </reporter-output>
        </test-method> <!-- checkStatus -->
        <test-method signature="m_checkUsersLists()[pri:2, instance:com.selenium.tests.TC_002_SearchUsers@5c48c0c0]" started-at="2022-09-27T15:35:33 IST" name="m_checkUsersLists" finished-at="2022-09-27T15:35:35 IST" depends-on-methods="com.selenium.tests.TC_002_SearchUsers.m_login" duration-ms="2364" status="PASS">
          <reporter-output>
          </reporter-output>
        </test-method> <!-- m_checkUsersLists -->
        <test-method is-config="true" signature="checkStatus(java.lang.reflect.Method,org.testng.ITestResult)[pri:0, instance:com.selenium.tests.TC_002_SearchUsers@5c48c0c0]" started-at="2022-09-27T15:35:35 IST" name="checkStatus" finished-at="2022-09-27T15:35:35 IST" duration-ms="1" status="PASS">
          <params>
            <param index="0">
              <value>
                <![CDATA[public void com.selenium.tests.TC_002_SearchUsers.m_checkUsersLists()]]>
              </value>
            </param>
            <param index="1">
              <value>
                <![CDATA[[TestResult name=m_checkUsersLists status=SUCCESS method=TC_002_SearchUsers.m_checkUsersLists()[pri:2, instance:com.selenium.tests.TC_002_SearchUsers@5c48c0c0] output={null}]]]>
              </value>
            </param>
          </params>
          <reporter-output>
          </reporter-output>
        </test-method> <!-- checkStatus -->
        <test-method signature="m_logout()[pri:3, instance:com.selenium.tests.TC_002_SearchUsers@5c48c0c0]" started-at="2022-09-27T15:35:35 IST" name="m_logout" finished-at="2022-09-27T15:35:36 IST" depends-on-methods="com.selenium.tests.TC_002_SearchUsers.m_checkUsersLists" duration-ms="1288" status="FAIL">
          <exception class="java.lang.AssertionError">
            <message>
              <![CDATA[expected [false] but found [true]]]>
            </message>
            <full-stacktrace>
              <![CDATA[java.lang.AssertionError: expected [false] but found [true]
at org.testng.Assert.fail(Assert.java:110)
at org.testng.Assert.failNotEquals(Assert.java:1413)
at org.testng.Assert.assertEqualsImpl(Assert.java:149)
at org.testng.Assert.assertEquals(Assert.java:131)
at org.testng.Assert.assertEquals(Assert.java:976)
at org.testng.Assert.assertEquals(Assert.java:1010)
at com.selenium.tests.TC_002_SearchUsers.m_logout(TC_002_SearchUsers.java:37)
at java.base/jdk.internal.reflect.NativeMethodAccessorImpl.invoke0(Native Method)
at java.base/jdk.internal.reflect.NativeMethodAccessorImpl.invoke(NativeMethodAccessorImpl.java:62)
at java.base/jdk.internal.reflect.DelegatingMethodAccessorImpl.invoke(DelegatingMethodAccessorImpl.java:43)
at java.base/java.lang.reflect.Method.invoke(Method.java:566)
at org.testng.internal.invokers.MethodInvocationHelper.invokeMethod(MethodInvocationHelper.java:139)
at org.testng.internal.invokers.TestInvoker.invokeMethod(TestInvoker.java:677)
at org.testng.internal.invokers.TestInvoker.invokeTestMethod(TestInvoker.java:221)
at org.testng.internal.invokers.MethodRunner.runInSequence(MethodRunner.java:50)
at org.testng.internal.invokers.TestInvoker$MethodInvocationAgent.invoke(TestInvoker.java:962)
at org.testng.internal.invokers.TestInvoker.invokeTestMethods(TestInvoker.java:194)
at org.testng.internal.invokers.TestMethodWorker.invokeTestMethods(TestMethodWorker.java:148)
at org.testng.internal.invokers.TestMethodWorker.run(TestMethodWorker.java:128)
at java.base/java.util.ArrayList.forEach(ArrayList.java:1540)
at org.testng.TestRunner.privateRun(TestRunner.java:806)
at org.testng.TestRunner.run(TestRunner.java:601)
at org.testng.SuiteRunner.runTest(SuiteRunner.java:433)
at org.testng.SuiteRunner.runSequentially(SuiteRunner.java:427)
at org.testng.SuiteRunner.privateRun(SuiteRunner.java:387)
at org.testng.SuiteRunner.run(SuiteRunner.java:330)
at org.testng.SuiteRunnerWorker.runSuite(SuiteRunnerWorker.java:52)
at org.testng.SuiteRunnerWorker.run(SuiteRunnerWorker.java:95)
at org.testng.TestNG.runSuitesSequentially(TestNG.java:1256)
at org.testng.TestNG.runSuitesLocally(TestNG.java:1176)
at org.testng.TestNG.runSuites(TestNG.java:1099)
at org.testng.TestNG.run(TestNG.java:1067)
at org.testng.remote.AbstractRemoteTestNG.run(AbstractRemoteTestNG.java:115)
at org.testng.remote.RemoteTestNG.initAndRun(RemoteTestNG.java:251)
at org.testng.remote.RemoteTestNG.main(RemoteTestNG.java:77)
]]>
            </full-stacktrace>
          </exception> <!-- java.lang.AssertionError -->
          <reporter-output>
          </reporter-output>
        </test-method> <!-- m_logout -->
        <test-method is-config="true" signature="checkStatus(java.lang.reflect.Method,org.testng.ITestResult)[pri:0, instance:com.selenium.tests.TC_002_SearchUsers@5c48c0c0]" started-at="2022-09-27T15:35:36 IST" name="checkStatus" finished-at="2022-09-27T15:35:37 IST" duration-ms="370" status="PASS">
          <params>
            <param index="0">
              <value>
                <![CDATA[public void com.selenium.tests.TC_002_SearchUsers.m_logout()]]>
              </value>
            </param>
            <param index="1">
              <value>
                <![CDATA[[TestResult name=m_logout status=FAILURE method=TC_002_SearchUsers.m_logout()[pri:3, instance:com.selenium.tests.TC_002_SearchUsers@5c48c0c0] output={null}]]]>
              </value>
            </param>
          </params>
          <reporter-output>
          </reporter-output>
        </test-method> <!-- checkStatus -->
        <test-method is-config="true" signature="tearDown()[pri:0, instance:com.selenium.tests.TC_002_SearchUsers@5c48c0c0]" started-at="2022-09-27T15:35:37 IST" name="tearDown" finished-at="2022-09-27T15:35:37 IST" duration-ms="295" status="PASS">
          <reporter-output>
          </reporter-output>
        </test-method> <!-- tearDown -->
        <test-method is-config="true" signature="generateExtentReport()[pri:0, instance:com.selenium.tests.TC_002_SearchUsers@5c48c0c0]" started-at="2022-09-27T15:35:37 IST" name="generateExtentReport" finished-at="2022-09-27T15:35:38 IST" duration-ms="1121" status="PASS">
          <reporter-output>
          </reporter-output>
        </test-method> <!-- generateExtentReport -->
      </class> <!-- com.selenium.tests.TC_002_SearchUsers -->
    </test> <!-- Edge Brwoser -->
  </suite> <!-- TestSuite -->
</testng-results>
