<?xml version="1.0" encoding="UTF-8"?>
<!-- Generated by org.testng.reporters.JUnitXMLReporter -->
<testsuite ignored="0" hostname="WIN10I-1IJ8NK9M" failures="1" tests="1" name="Edge Login" time="46.212" errors="0" timestamp="2022-09-14T14:27:08 IST">
  <testcase classname="com.selenium.tests.TC_001_LoginTest" name="validLogin" time="4.809">
    <failure type="java.lang.AssertionError" message="expected [false] but found [true]">
      <![CDATA[java.lang.AssertionError: expected [false] but found [true]
at com.selenium.tests.TC_001_LoginTest.validLogin(TC_001_LoginTest.java:19)
at java.base/java.util.ArrayList.forEach(ArrayList.java:1540)
... Removed 33 stack frames]]>
    </failure>
  </testcase> <!-- validLogin -->
</testsuite> <!-- Edge Login -->
